<?xml version="1.0" encoding="UTF-8"?>
<!-- Generated by org.testng.reporters.JUnitReportReporter -->
<testsuite skipped="0" hostname="sudheer-PC" name="com.OHRMS.testcasescripts.HomePageTest" tests="1" failures="0" timestamp="01 Jun 2019 15:36:02 GMT" time="14.274" errors="0">
  <testcase name="verifyHomePageTitleTest" time="14.274" classname="com.OHRMS.testcasescripts.HomePageTest"/>
</testsuite> <!-- com.OHRMS.testcasescripts.HomePageTest -->
