<?xml version="1.0" encoding="UTF-8"?>
<!-- Generated by org.testng.reporters.JUnitReportReporter -->
<testsuite skipped="0" hostname="sudheer-PC" name="com.OHRMS.testcasescripts.LoginPageTest" tests="2" failures="0" timestamp="06 Jun 2019 06:58:08 GMT" time="2.617" errors="0">
  <testcase name="loginPageTitleTest" time="0.025" classname="com.OHRMS.testcasescripts.LoginPageTest"/>
  <testcase name="LoginTest" time="2.592" classname="com.OHRMS.testcasescripts.LoginPageTest"/>
</testsuite> <!-- com.OHRMS.testcasescripts.LoginPageTest -->
